# JRE version: OpenJDK Runtime Environment Temurin-21.0.8+9 (21.0.8+9) (build 21.0.8+9-LTS)
# Java VM: OpenJDK 64-Bit Server VM Temurin-21.0.8+9 (21.0.8+9-LTS, mixed mode, sharing, tiered, compressed oops, compressed class ptrs, parallel gc, windows-amd64)
GC Precious Log:
 CardTable entry size: 512
 CPUs: 12 total, 12 available
 Memory: 16108M
 Large Page Support: Disabled
 NUMA Support: Disabled
 Compressed Oops: Enabled (32-bit)
 Alignments: Space 512K, Generation 512K, Heap 2M
 Heap Min Capacity: 100M
 Heap Initial Capacity: 100M
 Heap Max Capacity: 2G
 Pre-touch: Disabled
 Parallel Workers: 10
Heap:
 PSYoungGen      total 8704K, used 5599K [0x00000000d5580000, 0x00000000d6280000, 0x0000000100000000)
  eden space 5120K, 40% used [0x00000000d5580000,0x00000000d578c7a0,0x00000000d5a80000)
  from space 3584K, 97% used [0x00000000d5f00000,0x00000000d626b7f8,0x00000000d6280000)
  to   space 4096K, 0% used [0x00000000d5a80000,0x00000000d5a80000,0x00000000d5e80000)
 ParOldGen       total 812032K, used 811407K [0x0000000080000000, 0x00000000b1900000, 0x00000000d5580000)
  object space 812032K, 99% used [0x0000000080000000,0x00000000b1863de8,0x00000000b1900000)
 Metaspace       used 70740K, committed 72512K, reserved 1114112K
  class space    used 7615K, committed 8384K, reserved 1048576K
GC Heap History (20 events):
Event: 40.512 GC heap before
{Heap before GC invocations=1430 (full 3):
 PSYoungGen      total 5632K, used 5408K [0x00000000d5580000, 0x00000000d5f00000, 0x0000000100000000)
  eden space 5120K, 100% used [0x00000000d5580000,0x00000000d5a80000,0x00000000d5a80000)
  from space 512K, 56% used [0x00000000d5e80000,0x00000000d5ec8000,0x00000000d5f00000)
  to   space 512K, 0% used [0x00000000d5e00000,0x00000000d5e00000,0x00000000d5e80000)
 ParOldGen       total 804352K, used 804330K [0x0000000080000000, 0x00000000b1180000, 0x00000000d5580000)
  object space 804352K, 99% used [0x0000000080000000,0x00000000b117ab70,0x00000000b1180000)
 Metaspace       used 70193K, committed 71872K, reserved 1114112K
  class space    used 7529K, committed 8256K, reserved 1048576K
}
Event: 40.514 GC heap after
{Heap after GC invocations=1430 (full 3):
 PSYoungGen      total 5632K, used 320K [0x00000000d5580000, 0x00000000d5f00000, 0x0000000100000000)
  eden space 5120K, 0% used [0x00000000d5580000,0x00000000d5580000,0x00000000d5a80000)
  from space 512K, 62% used [0x00000000d5e00000,0x00000000d5e50000,0x00000000d5e80000)
  to   space 512K, 0% used [0x00000000d5e80000,0x00000000d5e80000,0x00000000d5f00000)
 ParOldGen       total 804864K, used 804482K [0x0000000080000000, 0x00000000b1200000, 0x00000000d5580000)
  object space 804864K, 99% used [0x0000000080000000,0x00000000b11a0b70,0x00000000b1200000)
 Metaspace       used 70193K, committed 71872K, reserved 1114112K
  class space    used 7529K, committed 8256K, reserved 1048576K
}
Event: 40.528 GC heap before
{Heap before GC invocations=1431 (full 3):
 PSYoungGen      total 5632K, used 5428K [0x00000000d5580000, 0x00000000d5f00000, 0x0000000100000000)
  eden space 5120K, 99% used [0x00000000d5580000,0x00000000d5a7d320,0x00000000d5a80000)
  from space 512K, 62% used [0x00000000d5e00000,0x00000000d5e50000,0x00000000d5e80000)
  to   space 512K, 0% used [0x00000000d5e80000,0x00000000d5e80000,0x00000000d5f00000)
 ParOldGen       total 804864K, used 804482K [0x0000000080000000, 0x00000000b1200000, 0x00000000d5580000)
  object space 804864K, 99% used [0x0000000080000000,0x00000000b11a0b70,0x00000000b1200000)
 Metaspace       used 70194K, committed 71872K, reserved 1114112K
  class space    used 7529K, committed 8256K, reserved 1048576K
}
Event: 40.530 GC heap after
{Heap after GC invocations=1431 (full 3):
 PSYoungGen      total 5632K, used 256K [0x00000000d5580000, 0x00000000d5f00000, 0x0000000100000000)
  eden space 5120K, 0% used [0x00000000d5580000,0x00000000d5580000,0x00000000d5a80000)
  from space 512K, 50% used [0x00000000d5e80000,0x00000000d5ec0000,0x00000000d5f00000)
  to   space 512K, 0% used [0x00000000d5e00000,0x00000000d5e00000,0x00000000d5e80000)
 ParOldGen       total 804864K, used 804594K [0x0000000080000000, 0x00000000b1200000, 0x00000000d5580000)
  object space 804864K, 99% used [0x0000000080000000,0x00000000b11bcb70,0x00000000b1200000)
 Metaspace       used 70194K, committed 71872K, reserved 1114112K
  class space    used 7529K, committed 8256K, reserved 1048576K
}
Event: 40.549 GC heap before
{Heap before GC invocations=1432 (full 3):
 PSYoungGen      total 5632K, used 5376K [0x00000000d5580000, 0x00000000d5f00000, 0x0000000100000000)
  eden space 5120K, 100% used [0x00000000d5580000,0x00000000d5a80000,0x00000000d5a80000)
  from space 512K, 50% used [0x00000000d5e80000,0x00000000d5ec0000,0x00000000d5f00000)
  to   space 512K, 0% used [0x00000000d5e00000,0x00000000d5e00000,0x00000000d5e80000)
 ParOldGen       total 804864K, used 804594K [0x0000000080000000, 0x00000000b1200000, 0x00000000d5580000)
  object space 804864K, 99% used [0x0000000080000000,0x00000000b11bcb70,0x00000000b1200000)
 Metaspace       used 70194K, committed 71872K, reserved 1114112K
  class space    used 7529K, committed 8256K, reserved 1048576K
}
Event: 40.552 GC heap after
{Heap after GC invocations=1432 (full 3):
 PSYoungGen      total 5632K, used 402K [0x00000000d5580000, 0x00000000d5f00000, 0x0000000100000000)
  eden space 5120K, 0% used [0x00000000d5580000,0x00000000d5580000,0x00000000d5a80000)
  from space 512K, 78% used [0x00000000d5e00000,0x00000000d5e64940,0x00000000d5e80000)
  to   space 512K, 0% used [0x00000000d5e80000,0x00000000d5e80000,0x00000000d5f00000)
 ParOldGen       total 804864K, used 804698K [0x0000000080000000, 0x00000000b1200000, 0x00000000d5580000)
  object space 804864K, 99% used [0x0000000080000000,0x00000000b11d6b70,0x00000000b1200000)
 Metaspace       used 70194K, committed 71872K, reserved 1114112K
  class space    used 7529K, committed 8256K, reserved 1048576K
}
Event: 40.570 GC heap before
{Heap before GC invocations=1433 (full 3):
 PSYoungGen      total 5632K, used 5522K [0x00000000d5580000, 0x00000000d5f00000, 0x0000000100000000)
  eden space 5120K, 100% used [0x00000000d5580000,0x00000000d5a80000,0x00000000d5a80000)
  from space 512K, 78% used [0x00000000d5e00000,0x00000000d5e64940,0x00000000d5e80000)
  to   space 512K, 0% used [0x00000000d5e80000,0x00000000d5e80000,0x00000000d5f00000)
 ParOldGen       total 804864K, used 804698K [0x0000000080000000, 0x00000000b1200000, 0x00000000d5580000)
  object space 804864K, 99% used [0x0000000080000000,0x00000000b11d6b70,0x00000000b1200000)
 Metaspace       used 70195K, committed 71872K, reserved 1114112K
  class space    used 7529K, committed 8256K, reserved 1048576K
}
Event: 40.573 GC heap after
{Heap after GC invocations=1433 (full 3):
 PSYoungGen      total 5632K, used 352K [0x00000000d5580000, 0x00000000d5f00000, 0x0000000100000000)
  eden space 5120K, 0% used [0x00000000d5580000,0x00000000d5580000,0x00000000d5a80000)
  from space 512K, 68% used [0x00000000d5e80000,0x00000000d5ed8000,0x00000000d5f00000)
  to   space 512K, 0% used [0x00000000d5e00000,0x00000000d5e00000,0x00000000d5e80000)
 ParOldGen       total 806400K, used 805727K [0x0000000080000000, 0x00000000b1380000, 0x00000000d5580000)
  object space 806400K, 99% used [0x0000000080000000,0x00000000b12d7e58,0x00000000b1380000)
 Metaspace       used 70195K, committed 71872K, reserved 1114112K
  class space    used 7529K, committed 8256K, reserved 1048576K
}
Event: 40.585 GC heap before
{Heap before GC invocations=1434 (full 3):
 PSYoungGen      total 5632K, used 5471K [0x00000000d5580000, 0x00000000d5f00000, 0x0000000100000000)
  eden space 5120K, 99% used [0x00000000d5580000,0x00000000d5a7fff0,0x00000000d5a80000)
  from space 512K, 68% used [0x00000000d5e80000,0x00000000d5ed8000,0x00000000d5f00000)
  to   space 512K, 0% used [0x00000000d5e00000,0x00000000d5e00000,0x00000000d5e80000)
 ParOldGen       total 806400K, used 805727K [0x0000000080000000, 0x00000000b1380000, 0x00000000d5580000)
  object space 806400K, 99% used [0x0000000080000000,0x00000000b12d7e58,0x00000000b1380000)
 Metaspace       used 70201K, committed 71872K, reserved 1114112K
  class space    used 7529K, committed 8256K, reserved 1048576K
}
Event: 40.587 GC heap after
{Heap after GC invocations=1434 (full 3):
 PSYoungGen      total 5632K, used 320K [0x00000000d5580000, 0x00000000d5f00000, 0x0000000100000000)
  eden space 5120K, 0% used [0x00000000d5580000,0x00000000d5580000,0x00000000d5a80000)
  from space 512K, 62% used [0x00000000d5e00000,0x00000000d5e50000,0x00000000d5e80000)
  to   space 512K, 0% used [0x00000000d5e80000,0x00000000d5e80000,0x00000000d5f00000)
 ParOldGen       total 806400K, used 805847K [0x0000000080000000, 0x00000000b1380000, 0x00000000d5580000)
  object space 806400K, 99% used [0x0000000080000000,0x00000000b12f5e58,0x00000000b1380000)
 Metaspace       used 70201K, committed 71872K, reserved 1114112K
  class space    used 7529K, committed 8256K, reserved 1048576K
}
Event: 40.602 GC heap before
{Heap before GC invocations=1435 (full 3):
 PSYoungGen      total 5632K, used 5440K [0x00000000d5580000, 0x00000000d5f00000, 0x0000000100000000)
  eden space 5120K, 100% used [0x00000000d5580000,0x00000000d5a80000,0x00000000d5a80000)
  from space 512K, 62% used [0x00000000d5e00000,0x00000000d5e50000,0x00000000d5e80000)
  to   space 512K, 0% used [0x00000000d5e80000,0x00000000d5e80000,0x00000000d5f00000)
 ParOldGen       total 806400K, used 805847K [0x0000000080000000, 0x00000000b1380000, 0x00000000d5580000)
  object space 806400K, 99% used [0x0000000080000000,0x00000000b12f5e58,0x00000000b1380000)
 Metaspace       used 70203K, committed 71872K, reserved 1114112K
  class space    used 7529K, committed 8256K, reserved 1048576K
}
Event: 40.604 GC heap after
{Heap after GC invocations=1435 (full 3):
 PSYoungGen      total 5632K, used 418K [0x00000000d5580000, 0x00000000d5f00000, 0x0000000100000000)
  eden space 5120K, 0% used [0x00000000d5580000,0x00000000d5580000,0x00000000d5a80000)
  from space 512K, 81% used [0x00000000d5e80000,0x00000000d5ee8ac0,0x00000000d5f00000)
  to   space 512K, 0% used [0x00000000d5e00000,0x00000000d5e00000,0x00000000d5e80000)
 ParOldGen       total 806400K, used 806028K [0x0000000080000000, 0x00000000b1380000, 0x00000000d5580000)
  object space 806400K, 99% used [0x0000000080000000,0x00000000b1323118,0x00000000b1380000)
 Metaspace       used 70203K, committed 71872K, reserved 1114112K
  class space    used 7529K, committed 8256K, reserved 1048576K
}
Event: 40.676 GC heap before
{Heap before GC invocations=1436 (full 3):
 PSYoungGen      total 5632K, used 5538K [0x00000000d5580000, 0x00000000d5f00000, 0x0000000100000000)
  eden space 5120K, 100% used [0x00000000d5580000,0x00000000d5a80000,0x00000000d5a80000)
  from space 512K, 81% used [0x00000000d5e80000,0x00000000d5ee8ac0,0x00000000d5f00000)
  to   space 512K, 0% used [0x00000000d5e00000,0x00000000d5e00000,0x00000000d5e80000)
 ParOldGen       total 806400K, used 806028K [0x0000000080000000, 0x00000000b1380000, 0x00000000d5580000)
  object space 806400K, 99% used [0x0000000080000000,0x00000000b1323118,0x00000000b1380000)
 Metaspace       used 70374K, committed 72064K, reserved 1114112K
  class space    used 7563K, committed 8320K, reserved 1048576K
}
Event: 40.679 GC heap after
{Heap after GC invocations=1436 (full 3):
 PSYoungGen      total 5632K, used 512K [0x00000000d5580000, 0x00000000d5f00000, 0x0000000100000000)
  eden space 5120K, 0% used [0x00000000d5580000,0x00000000d5580000,0x00000000d5a80000)
  from space 512K, 100% used [0x00000000d5e00000,0x00000000d5e80000,0x00000000d5e80000)
  to   space 512K, 0% used [0x00000000d5e80000,0x00000000d5e80000,0x00000000d5f00000)
 ParOldGen       total 807424K, used 807181K [0x0000000080000000, 0x00000000b1480000, 0x00000000d5580000)
  object space 807424K, 99% used [0x0000000080000000,0x00000000b1443768,0x00000000b1480000)
 Metaspace       used 70374K, committed 72064K, reserved 1114112K
  class space    used 7563K, committed 8320K, reserved 1048576K
}
Event: 141.141 GC heap before
{Heap before GC invocations=1437 (full 3):
 PSYoungGen      total 5632K, used 5632K [0x00000000d5580000, 0x00000000d5f00000, 0x0000000100000000)
  eden space 5120K, 100% used [0x00000000d5580000,0x00000000d5a80000,0x00000000d5a80000)
  from space 512K, 100% used [0x00000000d5e00000,0x00000000d5e80000,0x00000000d5e80000)
  to   space 512K, 0% used [0x00000000d5e80000,0x00000000d5e80000,0x00000000d5f00000)
 ParOldGen       total 807424K, used 807181K [0x0000000080000000, 0x00000000b1480000, 0x00000000d5580000)
  object space 807424K, 99% used [0x0000000080000000,0x00000000b1443768,0x00000000b1480000)
 Metaspace       used 70655K, committed 72384K, reserved 1114112K
  class space    used 7611K, committed 8384K, reserved 1048576K
}
Event: 141.147 GC heap after
{Heap after GC invocations=1437 (full 3):
 PSYoungGen      total 5632K, used 500K [0x00000000d5580000, 0x00000000d5f00000, 0x0000000100000000)
  eden space 5120K, 0% used [0x00000000d5580000,0x00000000d5580000,0x00000000d5a80000)
  from space 512K, 97% used [0x00000000d5e80000,0x00000000d5efd200,0x00000000d5f00000)
  to   space 1536K, 0% used [0x00000000d5c00000,0x00000000d5c00000,0x00000000d5d80000)
 ParOldGen       total 807936K, used 807709K [0x0000000080000000, 0x00000000b1500000, 0x00000000d5580000)
  object space 807936K, 99% used [0x0000000080000000,0x00000000b14c7778,0x00000000b1500000)
 Metaspace       used 70655K, committed 72384K, reserved 1114112K
  class space    used 7611K, committed 8384K, reserved 1048576K
}
Event: 141.166 GC heap before
{Heap before GC invocations=1438 (full 3):
 PSYoungGen      total 5632K, used 5607K [0x00000000d5580000, 0x00000000d5f00000, 0x0000000100000000)
  eden space 5120K, 99% used [0x00000000d5580000,0x00000000d5a7cbc8,0x00000000d5a80000)
  from space 512K, 97% used [0x00000000d5e80000,0x00000000d5efd200,0x00000000d5f00000)
  to   space 1536K, 0% used [0x00000000d5c00000,0x00000000d5c00000,0x00000000d5d80000)
 ParOldGen       total 807936K, used 807709K [0x0000000080000000, 0x00000000b1500000, 0x00000000d5580000)
  object space 807936K, 99% used [0x0000000080000000,0x00000000b14c7778,0x00000000b1500000)
 Metaspace       used 70659K, committed 72384K, reserved 1114112K
  class space    used 7611K, committed 8384K, reserved 1048576K
}
Event: 141.171 GC heap after
{Heap after GC invocations=1438 (full 3):
 PSYoungGen      total 6656K, used 1518K [0x00000000d5580000, 0x00000000d6380000, 0x0000000100000000)
  eden space 5120K, 0% used [0x00000000d5580000,0x00000000d5580000,0x00000000d5a80000)
  from space 1536K, 98% used [0x00000000d5c00000,0x00000000d5d7ba48,0x00000000d5d80000)
  to   space 4608K, 0% used [0x00000000d5f00000,0x00000000d5f00000,0x00000000d6380000)
 ParOldGen       total 809984K, used 809864K [0x0000000080000000, 0x00000000b1700000, 0x00000000d5580000)
  object space 809984K, 99% used [0x0000000080000000,0x00000000b16e2160,0x00000000b1700000)
 Metaspace       used 70659K, committed 72384K, reserved 1114112K
  class space    used 7611K, committed 8384K, reserved 1048576K
}
Event: 141.199 GC heap before
{Heap before GC invocations=1439 (full 3):
 PSYoungGen      total 6656K, used 6588K [0x00000000d5580000, 0x00000000d6380000, 0x0000000100000000)
  eden space 5120K, 99% used [0x00000000d5580000,0x00000000d5a73828,0x00000000d5a80000)
  from space 1536K, 98% used [0x00000000d5c00000,0x00000000d5d7ba48,0x00000000d5d80000)
  to   space 4608K, 0% used [0x00000000d5f00000,0x00000000d5f00000,0x00000000d6380000)
 ParOldGen       total 809984K, used 809864K [0x0000000080000000, 0x00000000b1700000, 0x00000000d5580000)
  object space 809984K, 99% used [0x0000000080000000,0x00000000b16e2160,0x00000000b1700000)
 Metaspace       used 70670K, committed 72384K, reserved 1114112K
  class space    used 7611K, committed 8384K, reserved 1048576K
}
Event: 141.201 GC heap after
{Heap after GC invocations=1439 (full 3):
 PSYoungGen      total 8704K, used 3501K [0x00000000d5580000, 0x00000000d6280000, 0x0000000100000000)
  eden space 5120K, 0% used [0x00000000d5580000,0x00000000d5580000,0x00000000d5a80000)
  from space 3584K, 97% used [0x00000000d5f00000,0x00000000d626b7f8,0x00000000d6280000)
  to   space 4096K, 0% used [0x00000000d5a80000,0x00000000d5a80000,0x00000000d5e80000)
 ParOldGen       total 812032K, used 811407K [0x0000000080000000, 0x00000000b1900000, 0x00000000d5580000)
  object space 812032K, 99% used [0x0000000080000000,0x00000000b1863de8,0x00000000b1900000)
 Metaspace       used 70670K, committed 72384K, reserved 1114112K
  class space    used 7611K, committed 8384K, reserved 1048576K
}

